<?xml version="1.0" encoding="UTF-8"?>
<testng-results ignored="0" total="1" passed="1" failed="0" skipped="0">
  <reporter-output>
  </reporter-output>
  <suite started-at="2023-04-01T15:53:54 IST" name="Surefire suite" finished-at="2023-04-01T15:53:54 IST" duration-ms="125">
    <groups>
    </groups>
    <test started-at="2023-04-01T15:53:54 IST" name="Surefire test" finished-at="2023-04-01T15:53:54 IST" duration-ms="125">
      <class name="com.practice.selenium.test.LoginTest">
        <test-method signature="test1()[pri:0, instance:com.practice.selenium.test.LoginTest@6236eb5f]" started-at="2023-04-01T15:53:54 IST" name="test1" finished-at="2023-04-01T15:53:54 IST" duration-ms="15" status="PASS">
          <reporter-output>
          </reporter-output>
        </test-method> <!-- test1 -->
      </class> <!-- com.practice.selenium.test.LoginTest -->
    </test> <!-- Surefire test -->
  </suite> <!-- Surefire suite -->
</testng-results>
